app/build/intermediates/manifest_merge_blame_file/debug/processDebugMainManifest/manifest-merger-blame-debug-report.txt
1<?xml version="1.0" encoding="utf-8"?>
2<manifest xmlns:android="http://schemas.android.com/apk/res/android"
3    package="com.safecall.recorder"
4    android:versionCode="1"
5    android:versionName="1.0.0" >
6
7    <uses-sdk
8        android:minSdkVersion="26"
9        android:targetSdkVersion="34" />
10
11    <!-- Phone and call-related permissions -->
12    <uses-permission android:name="android.permission.READ_PHONE_STATE" />
12-->src/main/AndroidManifest.xml:6:5-75
12-->src/main/AndroidManifest.xml:6:22-72
13    <uses-permission android:name="android.permission.READ_CALL_LOG" />
13-->src/main/AndroidManifest.xml:7:5-72
13-->src/main/AndroidManifest.xml:7:22-69
14    <uses-permission android:name="android.permission.PROCESS_OUTGOING_CALLS" />
14-->src/main/AndroidManifest.xml:8:5-81
14-->src/main/AndroidManifest.xml:8:22-78
15
16    <!-- Audio recording permission -->
17    <uses-permission android:name="android.permission.RECORD_AUDIO" />
17-->src/main/AndroidManifest.xml:11:5-71
17-->src/main/AndroidManifest.xml:11:22-68
18
19    <!-- Storage for recordings -->
20    <uses-permission
20-->src/main/AndroidManifest.xml:14:5-15:38
21        android:name="android.permission.READ_EXTERNAL_STORAGE"
21-->src/main/AndroidManifest.xml:14:22-77
22        android:maxSdkVersion="32" />
22-->src/main/AndroidManifest.xml:15:9-35
23    <uses-permission
23-->src/main/AndroidManifest.xml:16:5-17:38
24        android:name="android.permission.WRITE_EXTERNAL_STORAGE"
24-->src/main/AndroidManifest.xml:16:22-78
25        android:maxSdkVersion="29" />
25-->src/main/AndroidManifest.xml:17:9-35
26
27    <!-- Contacts for caller ID -->
28    <uses-permission android:name="android.permission.READ_CONTACTS" />
28-->src/main/AndroidManifest.xml:20:5-72
28-->src/main/AndroidManifest.xml:20:22-69
29
30    <!-- Foreground service for recording -->
31    <uses-permission android:name="android.permission.FOREGROUND_SERVICE" />
31-->src/main/AndroidManifest.xml:23:5-77
31-->src/main/AndroidManifest.xml:23:22-74
32    <uses-permission android:name="android.permission.FOREGROUND_SERVICE_MICROPHONE" />
32-->src/main/AndroidManifest.xml:24:5-88
32-->src/main/AndroidManifest.xml:24:22-85
33    <uses-permission android:name="android.permission.FOREGROUND_SERVICE_PHONE_CALL" />
33-->src/main/AndroidManifest.xml:25:5-88
33-->src/main/AndroidManifest.xml:25:22-85
34
35    <!-- Boot receiver to restart recording after reboot -->
36    <uses-permission android:name="android.permission.RECEIVE_BOOT_COMPLETED" />
36-->src/main/AndroidManifest.xml:28:5-81
36-->src/main/AndroidManifest.xml:28:22-78
37
38    <!-- Internet for Google Drive backup -->
39    <uses-permission android:name="android.permission.INTERNET" />
39-->src/main/AndroidManifest.xml:31:5-67
39-->src/main/AndroidManifest.xml:31:22-64
40    <uses-permission android:name="android.permission.ACCESS_NETWORK_STATE" />
40-->src/main/AndroidManifest.xml:32:5-79
40-->src/main/AndroidManifest.xml:32:22-76
41
42    <!-- Notifications -->
43    <uses-permission android:name="android.permission.POST_NOTIFICATIONS" />
43-->src/main/AndroidManifest.xml:35:5-77
43-->src/main/AndroidManifest.xml:35:22-74
44
45    <!-- Audio recording feature -->
46    <uses-feature
46-->src/main/AndroidManifest.xml:38:5-88
47        android:name="android.hardware.microphone"
47-->src/main/AndroidManifest.xml:38:19-61
48        android:required="true" />
48-->src/main/AndroidManifest.xml:38:62-85
49
50    <uses-permission android:name="android.permission.USE_BIOMETRIC" /> <!-- suppress DeprecatedClassUsageInspection -->
50-->[androidx.biometric:biometric:1.1.0] AndroidManifest.xml:24:5-72
50-->[androidx.biometric:biometric:1.1.0] AndroidManifest.xml:24:22-69
51    <uses-permission android:name="android.permission.USE_FINGERPRINT" />
51-->[androidx.biometric:biometric:1.1.0] AndroidManifest.xml:27:5-74
51-->[androidx.biometric:biometric:1.1.0] AndroidManifest.xml:27:22-71
52    <uses-permission android:name="android.permission.WAKE_LOCK" />
52-->[androidx.work:work-runtime:2.9.0] AndroidManifest.xml:23:5-68
52-->[androidx.work:work-runtime:2.9.0] AndroidManifest.xml:23:22-65
53
54    <permission
54-->[androidx.core:core:1.12.0] AndroidManifest.xml:22:5-24:47
55        android:name="com.safecall.recorder.DYNAMIC_RECEIVER_NOT_EXPORTED_PERMISSION"
55-->[androidx.core:core:1.12.0] AndroidManifest.xml:23:9-81
56        android:protectionLevel="signature" />
56-->[androidx.core:core:1.12.0] AndroidManifest.xml:24:9-44
57
58    <uses-permission android:name="com.safecall.recorder.DYNAMIC_RECEIVER_NOT_EXPORTED_PERMISSION" />
58-->[androidx.core:core:1.12.0] AndroidManifest.xml:26:5-97
58-->[androidx.core:core:1.12.0] AndroidManifest.xml:26:22-94
59
60    <application
60-->src/main/AndroidManifest.xml:40:5-132:19
61        android:name="com.safecall.recorder.SafeCallApp"
61-->src/main/AndroidManifest.xml:41:9-36
62        android:allowBackup="true"
62-->src/main/AndroidManifest.xml:42:9-35
63        android:appComponentFactory="androidx.core.app.CoreComponentFactory"
63-->[androidx.core:core:1.12.0] AndroidManifest.xml:28:18-86
64        android:debuggable="true"
65        android:extractNativeLibs="false"
66        android:icon="@mipmap/ic_launcher"
66-->src/main/AndroidManifest.xml:43:9-43
67        android:label="@string/app_name"
67-->src/main/AndroidManifest.xml:44:9-41
68        android:roundIcon="@mipmap/ic_launcher_round"
68-->src/main/AndroidManifest.xml:45:9-54
69        android:supportsRtl="true"
69-->src/main/AndroidManifest.xml:46:9-35
70        android:testOnly="true"
71        android:theme="@style/Theme.SafeCallRecorder" >
71-->src/main/AndroidManifest.xml:47:9-54
72
73        <!-- Main Activity -->
74        <activity
74-->src/main/AndroidManifest.xml:51:9-58:20
75            android:name="com.safecall.recorder.MainActivity"
75-->src/main/AndroidManifest.xml:52:13-41
76            android:exported="true" >
76-->src/main/AndroidManifest.xml:53:13-36
77            <intent-filter>
77-->src/main/AndroidManifest.xml:54:13-57:29
78                <action android:name="android.intent.action.MAIN" />
78-->src/main/AndroidManifest.xml:55:17-69
78-->src/main/AndroidManifest.xml:55:25-66
79
80                <category android:name="android.intent.category.LAUNCHER" />
80-->src/main/AndroidManifest.xml:56:17-77
80-->src/main/AndroidManifest.xml:56:27-74
81            </intent-filter>
82        </activity>
83
84        <!-- Recording Details Activity -->
85        <activity
85-->src/main/AndroidManifest.xml:61:9-63:58
86            android:name="com.safecall.recorder.RecordingDetailsActivity"
86-->src/main/AndroidManifest.xml:62:13-53
87            android:parentActivityName="com.safecall.recorder.MainActivity" />
87-->src/main/AndroidManifest.xml:63:13-55
88
89        <!-- Settings Activity -->
90        <activity
90-->src/main/AndroidManifest.xml:66:9-68:58
91            android:name="com.safecall.recorder.SettingsActivity"
91-->src/main/AndroidManifest.xml:67:13-45
92            android:parentActivityName="com.safecall.recorder.MainActivity" />
92-->src/main/AndroidManifest.xml:68:13-55
93
94        <!-- Call Recording Foreground Service -->
95        <service
95-->src/main/AndroidManifest.xml:71:9-75:68
96            android:name="com.safecall.recorder.service.CallRecorderService"
96-->src/main/AndroidManifest.xml:72:13-56
97            android:enabled="true"
97-->src/main/AndroidManifest.xml:73:13-35
98            android:exported="false"
98-->src/main/AndroidManifest.xml:74:13-37
99            android:foregroundServiceType="microphone|phoneCall" />
99-->src/main/AndroidManifest.xml:75:13-65
100
101        <!-- Phone State Receiver -->
102        <receiver
102-->src/main/AndroidManifest.xml:78:9-86:20
103            android:name="com.safecall.recorder.service.PhoneCallReceiver"
103-->src/main/AndroidManifest.xml:79:13-54
104            android:enabled="true"
104-->src/main/AndroidManifest.xml:80:13-35
105            android:exported="true" >
105-->src/main/AndroidManifest.xml:81:13-36
106            <intent-filter>
106-->src/main/AndroidManifest.xml:82:13-85:29
107                <action android:name="android.intent.action.PHONE_STATE" />
107-->src/main/AndroidManifest.xml:83:17-76
107-->src/main/AndroidManifest.xml:83:25-73
108                <action android:name="android.intent.action.NEW_OUTGOING_CALL" />
108-->src/main/AndroidManifest.xml:84:17-82
108-->src/main/AndroidManifest.xml:84:25-79
109            </intent-filter>
110        </receiver>
111
112        <!-- Boot Completed Receiver -->
113        <receiver
113-->src/main/AndroidManifest.xml:89:9-96:20
114            android:name="com.safecall.recorder.service.BootReceiver"
114-->src/main/AndroidManifest.xml:90:13-49
115            android:enabled="true"
115-->src/main/AndroidManifest.xml:91:13-35
116            android:exported="true" >
116-->src/main/AndroidManifest.xml:92:13-36
117            <intent-filter>
117-->src/main/AndroidManifest.xml:93:13-95:29
118                <action android:name="android.intent.action.BOOT_COMPLETED" />
118-->src/main/AndroidManifest.xml:94:17-79
118-->src/main/AndroidManifest.xml:94:25-76
119            </intent-filter>
120        </receiver>
121
122        <!-- WhatsApp Call Listener Service -->
123        <service
123-->src/main/AndroidManifest.xml:99:9-107:19
124            android:name="com.safecall.recorder.service.WhatsAppCallListenerService"
124-->src/main/AndroidManifest.xml:100:13-64
125            android:exported="true"
125-->src/main/AndroidManifest.xml:103:13-36
126            android:label="@string/whatsapp_listener_service"
126-->src/main/AndroidManifest.xml:101:13-62
127            android:permission="android.permission.BIND_NOTIFICATION_LISTENER_SERVICE" >
127-->src/main/AndroidManifest.xml:102:13-87
128            <intent-filter>
128-->src/main/AndroidManifest.xml:104:13-106:29
129                <action android:name="android.service.notification.NotificationListenerService" />
129-->src/main/AndroidManifest.xml:105:17-99
129-->src/main/AndroidManifest.xml:105:25-96
130            </intent-filter>
131        </service>
132
133        <!-- WorkManager Initializer for scheduled backups -->
134        <provider
135            android:name="androidx.startup.InitializationProvider"
135-->src/main/AndroidManifest.xml:111:13-67
136            android:authorities="com.safecall.recorder.androidx-startup"
136-->src/main/AndroidManifest.xml:112:13-68
137            android:exported="false" >
137-->src/main/AndroidManifest.xml:113:13-37
138            <meta-data
138-->[androidx.emoji2:emoji2:1.2.0] AndroidManifest.xml:29:13-31:52
139                android:name="androidx.emoji2.text.EmojiCompatInitializer"
139-->[androidx.emoji2:emoji2:1.2.0] AndroidManifest.xml:30:17-75
140                android:value="androidx.startup" />
140-->[androidx.emoji2:emoji2:1.2.0] AndroidManifest.xml:31:17-49
141            <meta-data
141-->[androidx.lifecycle:lifecycle-process:2.6.2] AndroidManifest.xml:29:13-31:52
142                android:name="androidx.lifecycle.ProcessLifecycleInitializer"
142-->[androidx.lifecycle:lifecycle-process:2.6.2] AndroidManifest.xml:30:17-78
143                android:value="androidx.startup" />
143-->[androidx.lifecycle:lifecycle-process:2.6.2] AndroidManifest.xml:31:17-49
144            <meta-data
144-->[androidx.profileinstaller:profileinstaller:1.3.0] AndroidManifest.xml:29:13-31:52
145                android:name="androidx.profileinstaller.ProfileInstallerInitializer"
145-->[androidx.profileinstaller:profileinstaller:1.3.0] AndroidManifest.xml:30:17-85
146                android:value="androidx.startup" />
146-->[androidx.profileinstaller:profileinstaller:1.3.0] AndroidManifest.xml:31:17-49
147        </provider>
148
149        <!-- FileProvider for sharing recordings -->
150        <provider
151            android:name="androidx.core.content.FileProvider"
151-->src/main/AndroidManifest.xml:123:13-62
152            android:authorities="com.safecall.recorder.fileprovider"
152-->src/main/AndroidManifest.xml:124:13-64
153            android:exported="false"
153-->src/main/AndroidManifest.xml:125:13-37
154            android:grantUriPermissions="true" >
154-->src/main/AndroidManifest.xml:126:13-47
155            <meta-data
155-->src/main/AndroidManifest.xml:127:13-129:54
156                android:name="android.support.FILE_PROVIDER_PATHS"
156-->src/main/AndroidManifest.xml:128:17-67
157                android:resource="@xml/file_paths" />
157-->src/main/AndroidManifest.xml:129:17-51
158        </provider>
159
160        <activity
160-->[com.google.android.gms:play-services-auth:20.7.0] AndroidManifest.xml:23:9-27:75
161            android:name="com.google.android.gms.auth.api.signin.internal.SignInHubActivity"
161-->[com.google.android.gms:play-services-auth:20.7.0] AndroidManifest.xml:24:13-93
162            android:excludeFromRecents="true"
162-->[com.google.android.gms:play-services-auth:20.7.0] AndroidManifest.xml:25:13-46
163            android:exported="false"
163-->[com.google.android.gms:play-services-auth:20.7.0] AndroidManifest.xml:26:13-37
164            android:theme="@android:style/Theme.Translucent.NoTitleBar" />
164-->[com.google.android.gms:play-services-auth:20.7.0] AndroidManifest.xml:27:13-72
165        <!--
166            Service handling Google Sign-In user revocation. For apps that do not integrate with
167            Google Sign-In, this service will never be started.
168        -->
169        <service
169-->[com.google.android.gms:play-services-auth:20.7.0] AndroidManifest.xml:33:9-37:51
170            android:name="com.google.android.gms.auth.api.signin.RevocationBoundService"
170-->[com.google.android.gms:play-services-auth:20.7.0] AndroidManifest.xml:34:13-89
171            android:exported="true"
171-->[com.google.android.gms:play-services-auth:20.7.0] AndroidManifest.xml:35:13-36
172            android:permission="com.google.android.gms.auth.api.signin.permission.REVOCATION_NOTIFICATION"
172-->[com.google.android.gms:play-services-auth:20.7.0] AndroidManifest.xml:36:13-107
173            android:visibleToInstantApps="true" />
173-->[com.google.android.gms:play-services-auth:20.7.0] AndroidManifest.xml:37:13-48
174
175        <activity
175-->[com.google.android.gms:play-services-base:18.0.1] AndroidManifest.xml:20:9-22:45
176            android:name="com.google.android.gms.common.api.GoogleApiActivity"
176-->[com.google.android.gms:play-services-base:18.0.1] AndroidManifest.xml:20:19-85
177            android:exported="false"
177-->[com.google.android.gms:play-services-base:18.0.1] AndroidManifest.xml:22:19-43
178            android:theme="@android:style/Theme.Translucent.NoTitleBar" />
178-->[com.google.android.gms:play-services-base:18.0.1] AndroidManifest.xml:21:19-78
179
180        <meta-data
180-->[com.google.android.gms:play-services-basement:18.2.0] AndroidManifest.xml:21:9-23:69
181            android:name="com.google.android.gms.version"
181-->[com.google.android.gms:play-services-basement:18.2.0] AndroidManifest.xml:22:13-58
182            android:value="@integer/google_play_services_version" />
182-->[com.google.android.gms:play-services-basement:18.2.0] AndroidManifest.xml:23:13-66
183
184        <service
184-->[androidx.work:work-runtime:2.9.0] AndroidManifest.xml:39:9-45:35
185            android:name="androidx.work.impl.background.systemalarm.SystemAlarmService"
185-->[androidx.work:work-runtime:2.9.0] AndroidManifest.xml:40:13-88
186            android:directBootAware="false"
186-->[androidx.work:work-runtime:2.9.0] AndroidManifest.xml:41:13-44
187            android:enabled="@bool/enable_system_alarm_service_default"
187-->[androidx.work:work-runtime:2.9.0] AndroidManifest.xml:42:13-72
188            android:exported="false" />
188-->[androidx.work:work-runtime:2.9.0] AndroidManifest.xml:43:13-37
189        <service
189-->[androidx.work:work-runtime:2.9.0] AndroidManifest.xml:46:9-52:35
190            android:name="androidx.work.impl.background.systemjob.SystemJobService"
190-->[androidx.work:work-runtime:2.9.0] AndroidManifest.xml:47:13-84
191            android:directBootAware="false"
191-->[androidx.work:work-runtime:2.9.0] AndroidManifest.xml:48:13-44
192            android:enabled="@bool/enable_system_job_service_default"
192-->[androidx.work:work-runtime:2.9.0] AndroidManifest.xml:49:13-70
193            android:exported="true"
193-->[androidx.work:work-runtime:2.9.0] AndroidManifest.xml:50:13-36
194            android:permission="android.permission.BIND_JOB_SERVICE" />
194-->[androidx.work:work-runtime:2.9.0] AndroidManifest.xml:51:13-69
195        <service
195-->[androidx.work:work-runtime:2.9.0] AndroidManifest.xml:53:9-59:35
196            android:name="androidx.work.impl.foreground.SystemForegroundService"
196-->[androidx.work:work-runtime:2.9.0] AndroidManifest.xml:54:13-81
197            android:directBootAware="false"
197-->[androidx.work:work-runtime:2.9.0] AndroidManifest.xml:55:13-44
198            android:enabled="@bool/enable_system_foreground_service_default"
198-->[androidx.work:work-runtime:2.9.0] AndroidManifest.xml:56:13-77
199            android:exported="false" />
199-->[androidx.work:work-runtime:2.9.0] AndroidManifest.xml:57:13-37
200
201        <receiver
201-->[androidx.work:work-runtime:2.9.0] AndroidManifest.xml:61:9-66:35
202            android:name="androidx.work.impl.utils.ForceStopRunnable$BroadcastReceiver"
202-->[androidx.work:work-runtime:2.9.0] AndroidManifest.xml:62:13-88
203            android:directBootAware="false"
203-->[androidx.work:work-runtime:2.9.0] AndroidManifest.xml:63:13-44
204            android:enabled="true"
204-->[androidx.work:work-runtime:2.9.0] AndroidManifest.xml:64:13-35
205            android:exported="false" />
205-->[androidx.work:work-runtime:2.9.0] AndroidManifest.xml:65:13-37
206        <receiver
206-->[androidx.work:work-runtime:2.9.0] AndroidManifest.xml:67:9-77:20
207            android:name="androidx.work.impl.background.systemalarm.ConstraintProxy$BatteryChargingProxy"
207-->[androidx.work:work-runtime:2.9.0] AndroidManifest.xml:68:13-106
208            android:directBootAware="false"
208-->[androidx.work:work-runtime:2.9.0] AndroidManifest.xml:69:13-44
209            android:enabled="false"
209-->[androidx.work:work-runtime:2.9.0] AndroidManifest.xml:70:13-36
210            android:exported="false" >
210-->[androidx.work:work-runtime:2.9.0] AndroidManifest.xml:71:13-37
211            <intent-filter>
211-->[androidx.work:work-runtime:2.9.0] AndroidManifest.xml:73:13-76:29
212                <action android:name="android.intent.action.ACTION_POWER_CONNECTED" />
212-->[androidx.work:work-runtime:2.9.0] AndroidManifest.xml:74:17-87
212-->[androidx.work:work-runtime:2.9.0] AndroidManifest.xml:74:25-84
213                <action android:name="android.intent.action.ACTION_POWER_DISCONNECTED" />
213-->[androidx.work:work-runtime:2.9.0] AndroidManifest.xml:75:17-90
213-->[androidx.work:work-runtime:2.9.0] AndroidManifest.xml:75:25-87
214            </intent-filter>
215        </receiver>
216        <receiver
216-->[androidx.work:work-runtime:2.9.0] AndroidManifest.xml:78:9-88:20
217            android:name="androidx.work.impl.background.systemalarm.ConstraintProxy$BatteryNotLowProxy"
217-->[androidx.work:work-runtime:2.9.0] AndroidManifest.xml:79:13-104
218            android:directBootAware="false"
218-->[androidx.work:work-runtime:2.9.0] AndroidManifest.xml:80:13-44
219            android:enabled="false"
219-->[androidx.work:work-runtime:2.9.0] AndroidManifest.xml:81:13-36
220            android:exported="false" >
220-->[androidx.work:work-runtime:2.9.0] AndroidManifest.xml:82:13-37
221            <intent-filter>
221-->[androidx.work:work-runtime:2.9.0] AndroidManifest.xml:84:13-87:29
222                <action android:name="android.intent.action.BATTERY_OKAY" />
222-->[androidx.work:work-runtime:2.9.0] AndroidManifest.xml:85:17-77
222-->[androidx.work:work-runtime:2.9.0] AndroidManifest.xml:85:25-74
223                <action android:name="android.intent.action.BATTERY_LOW" />
223-->[androidx.work:work-runtime:2.9.0] AndroidManifest.xml:86:17-76
223-->[androidx.work:work-runtime:2.9.0] AndroidManifest.xml:86:25-73
224            </intent-filter>
225        </receiver>
226        <receiver
226-->[androidx.work:work-runtime:2.9.0] AndroidManifest.xml:89:9-99:20
227            android:name="androidx.work.impl.background.systemalarm.ConstraintProxy$StorageNotLowProxy"
227-->[androidx.work:work-runtime:2.9.0] AndroidManifest.xml:90:13-104
228            android:directBootAware="false"
228-->[androidx.work:work-runtime:2.9.0] AndroidManifest.xml:91:13-44
229            android:enabled="false"
229-->[androidx.work:work-runtime:2.9.0] AndroidManifest.xml:92:13-36
230            android:exported="false" >
230-->[androidx.work:work-runtime:2.9.0] AndroidManifest.xml:93:13-37
231            <intent-filter>
231-->[androidx.work:work-runtime:2.9.0] AndroidManifest.xml:95:13-98:29
232                <action android:name="android.intent.action.DEVICE_STORAGE_LOW" />
232-->[androidx.work:work-runtime:2.9.0] AndroidManifest.xml:96:17-83
232-->[androidx.work:work-runtime:2.9.0] AndroidManifest.xml:96:25-80
233                <action android:name="android.intent.action.DEVICE_STORAGE_OK" />
233-->[androidx.work:work-runtime:2.9.0] AndroidManifest.xml:97:17-82
233-->[androidx.work:work-runtime:2.9.0] AndroidManifest.xml:97:25-79
234            </intent-filter>
235        </receiver>
236        <receiver
236-->[androidx.work:work-runtime:2.9.0] AndroidManifest.xml:100:9-109:20
237            android:name="androidx.work.impl.background.systemalarm.ConstraintProxy$NetworkStateProxy"
237-->[androidx.work:work-runtime:2.9.0] AndroidManifest.xml:101:13-103
238            android:directBootAware="false"
238-->[androidx.work:work-runtime:2.9.0] AndroidManifest.xml:102:13-44
239            android:enabled="false"
239-->[androidx.work:work-runtime:2.9.0] AndroidManifest.xml:103:13-36
240            android:exported="false" >
240-->[androidx.work:work-runtime:2.9.0] AndroidManifest.xml:104:13-37
241            <intent-filter>
241-->[androidx.work:work-runtime:2.9.0] AndroidManifest.xml:106:13-108:29
242                <action android:name="android.net.conn.CONNECTIVITY_CHANGE" />
242-->[androidx.work:work-runtime:2.9.0] AndroidManifest.xml:107:17-79
242-->[androidx.work:work-runtime:2.9.0] AndroidManifest.xml:107:25-76
243            </intent-filter>
244        </receiver>
245        <receiver
245-->[androidx.work:work-runtime:2.9.0] AndroidManifest.xml:110:9-121:20
246            android:name="androidx.work.impl.background.systemalarm.RescheduleReceiver"
246-->[androidx.work:work-runtime:2.9.0] AndroidManifest.xml:111:13-88
247            android:directBootAware="false"
247-->[androidx.work:work-runtime:2.9.0] AndroidManifest.xml:112:13-44
248            android:enabled="false"
248-->[androidx.work:work-runtime:2.9.0] AndroidManifest.xml:113:13-36
249            android:exported="false" >
249-->[androidx.work:work-runtime:2.9.0] AndroidManifest.xml:114:13-37
250            <intent-filter>
250-->[androidx.work:work-runtime:2.9.0] AndroidManifest.xml:116:13-120:29
251                <action android:name="android.intent.action.BOOT_COMPLETED" />
251-->src/main/AndroidManifest.xml:94:17-79
251-->src/main/AndroidManifest.xml:94:25-76
252                <action android:name="android.intent.action.TIME_SET" />
252-->[androidx.work:work-runtime:2.9.0] AndroidManifest.xml:118:17-73
252-->[androidx.work:work-runtime:2.9.0] AndroidManifest.xml:118:25-70
253                <action android:name="android.intent.action.TIMEZONE_CHANGED" />
253-->[androidx.work:work-runtime:2.9.0] AndroidManifest.xml:119:17-81
253-->[androidx.work:work-runtime:2.9.0] AndroidManifest.xml:119:25-78
254            </intent-filter>
255        </receiver>
256        <receiver
256-->[androidx.work:work-runtime:2.9.0] AndroidManifest.xml:122:9-131:20
257            android:name="androidx.work.impl.background.systemalarm.ConstraintProxyUpdateReceiver"
257-->[androidx.work:work-runtime:2.9.0] AndroidManifest.xml:123:13-99
258            android:directBootAware="false"
258-->[androidx.work:work-runtime:2.9.0] AndroidManifest.xml:124:13-44
259            android:enabled="@bool/enable_system_alarm_service_default"
259-->[androidx.work:work-runtime:2.9.0] AndroidManifest.xml:125:13-72
260            android:exported="false" >
260-->[androidx.work:work-runtime:2.9.0] AndroidManifest.xml:126:13-37
261            <intent-filter>
261-->[androidx.work:work-runtime:2.9.0] AndroidManifest.xml:128:13-130:29
262                <action android:name="androidx.work.impl.background.systemalarm.UpdateProxies" />
262-->[androidx.work:work-runtime:2.9.0] AndroidManifest.xml:129:17-98
262-->[androidx.work:work-runtime:2.9.0] AndroidManifest.xml:129:25-95
263            </intent-filter>
264        </receiver>
265        <receiver
265-->[androidx.work:work-runtime:2.9.0] AndroidManifest.xml:132:9-142:20
266            android:name="androidx.work.impl.diagnostics.DiagnosticsReceiver"
266-->[androidx.work:work-runtime:2.9.0] AndroidManifest.xml:133:13-78
267            android:directBootAware="false"
267-->[androidx.work:work-runtime:2.9.0] AndroidManifest.xml:134:13-44
268            android:enabled="true"
268-->[androidx.work:work-runtime:2.9.0] AndroidManifest.xml:135:13-35
269            android:exported="true"
269-->[androidx.work:work-runtime:2.9.0] AndroidManifest.xml:136:13-36
270            android:permission="android.permission.DUMP" >
270-->[androidx.work:work-runtime:2.9.0] AndroidManifest.xml:137:13-57
271            <intent-filter>
271-->[androidx.work:work-runtime:2.9.0] AndroidManifest.xml:139:13-141:29
272                <action android:name="androidx.work.diagnostics.REQUEST_DIAGNOSTICS" />
272-->[androidx.work:work-runtime:2.9.0] AndroidManifest.xml:140:17-88
272-->[androidx.work:work-runtime:2.9.0] AndroidManifest.xml:140:25-85
273            </intent-filter>
274        </receiver>
275
276        <service
276-->[androidx.room:room-runtime:2.6.1] AndroidManifest.xml:24:9-28:63
277            android:name="androidx.room.MultiInstanceInvalidationService"
277-->[androidx.room:room-runtime:2.6.1] AndroidManifest.xml:25:13-74
278            android:directBootAware="true"
278-->[androidx.room:room-runtime:2.6.1] AndroidManifest.xml:26:13-43
279            android:exported="false" />
279-->[androidx.room:room-runtime:2.6.1] AndroidManifest.xml:27:13-37
280
281        <receiver
281-->[androidx.profileinstaller:profileinstaller:1.3.0] AndroidManifest.xml:34:9-52:20
282            android:name="androidx.profileinstaller.ProfileInstallReceiver"
282-->[androidx.profileinstaller:profileinstaller:1.3.0] AndroidManifest.xml:35:13-76
283            android:directBootAware="false"
283-->[androidx.profileinstaller:profileinstaller:1.3.0] AndroidManifest.xml:36:13-44
284            android:enabled="true"
284-->[androidx.profileinstaller:profileinstaller:1.3.0] AndroidManifest.xml:37:13-35
285            android:exported="true"
285-->[androidx.profileinstaller:profileinstaller:1.3.0] AndroidManifest.xml:38:13-36
286            android:permission="android.permission.DUMP" >
286-->[androidx.profileinstaller:profileinstaller:1.3.0] AndroidManifest.xml:39:13-57
287            <intent-filter>
287-->[androidx.profileinstaller:profileinstaller:1.3.0] AndroidManifest.xml:40:13-42:29
288                <action android:name="androidx.profileinstaller.action.INSTALL_PROFILE" />
288-->[androidx.profileinstaller:profileinstaller:1.3.0] AndroidManifest.xml:41:17-91
288-->[androidx.profileinstaller:profileinstaller:1.3.0] AndroidManifest.xml:41:25-88
289            </intent-filter>
290            <intent-filter>
290-->[androidx.profileinstaller:profileinstaller:1.3.0] AndroidManifest.xml:43:13-45:29
291                <action android:name="androidx.profileinstaller.action.SKIP_FILE" />
291-->[androidx.profileinstaller:profileinstaller:1.3.0] AndroidManifest.xml:44:17-85
291-->[androidx.profileinstaller:profileinstaller:1.3.0] AndroidManifest.xml:44:25-82
292            </intent-filter>
293            <intent-filter>
293-->[androidx.profileinstaller:profileinstaller:1.3.0] AndroidManifest.xml:46:13-48:29
294                <action android:name="androidx.profileinstaller.action.SAVE_PROFILE" />
294-->[androidx.profileinstaller:profileinstaller:1.3.0] AndroidManifest.xml:47:17-88
294-->[androidx.profileinstaller:profileinstaller:1.3.0] AndroidManifest.xml:47:25-85
295            </intent-filter>
296            <intent-filter>
296-->[androidx.profileinstaller:profileinstaller:1.3.0] AndroidManifest.xml:49:13-51:29
297                <action android:name="androidx.profileinstaller.action.BENCHMARK_OPERATION" />
297-->[androidx.profileinstaller:profileinstaller:1.3.0] AndroidManifest.xml:50:17-95
297-->[androidx.profileinstaller:profileinstaller:1.3.0] AndroidManifest.xml:50:25-92
298            </intent-filter>
299        </receiver>
300    </application>
301
302</manifest>